<?xml version="1.0" encoding="UTF-8"?>
<!-- Generated by org.testng.reporters.JUnitXMLReporter -->
<testsuite ignored="0" hostname="LAPTOP-GSLR5G3B" failures="0" tests="6" name="UserTests" time="11.103" errors="0" timestamp="2025-01-12T17:24:11 IST">
  <testcase classname="api.test.DDT" name="testPostUser" time="3.09"/>
  <testcase classname="api.test.DDT" name="testPostUser" time="1.238"/>
  <testcase classname="api.test.DDT" name="testPostUser" time="1.209"/>
  <testcase classname="api.test.DDT" name="testDeleteUserByUserName" time="1.227"/>
  <testcase classname="api.test.DDT" name="testDeleteUserByUserName" time="1.113"/>
  <testcase classname="api.test.DDT" name="testDeleteUserByUserName" time="1.045"/>
</testsuite> <!-- UserTests -->
