<?xml version="1.0" encoding="UTF-8"?>
<!-- Generated by org.testng.reporters.JUnitXMLReporter -->
<testsuite ignored="0" hostname="LAPTOP-GSLR5G3B" failures="0" tests="5" name="Default test" time="9.745" errors="0" timestamp="2025-01-12T17:23:27 IST">
  <testcase classname="api.test.UserTests" name="testCreateuser" time="3.119"/>
  <testcase classname="api.test.UserTests" name="testGetuserByName" time="1.221"/>
  <testcase classname="api.test.UserTests" name="testUpdateUserByUsername" time="2.158"/>
  <testcase classname="api.test.UserTests" name="testDeleteUserByUsername" time="1.187"/>
  <testcase classname="api.test.UserTests" name="testGetuserByNameAfterDelete" time="1.149"/>
</testsuite> <!-- Default test -->
